#
# There is insufficient memory for the Java Runtime Environment to continue.
# Native memory allocation (mmap) failed to map 2188902400 bytes for committing reserved memory.
# Possible reasons:
#   The system is out of physical RAM or swap space
#   The process is running with CompressedOops enabled, and the Java Heap may be blocking the growth of the native heap
# Possible solutions:
#   Reduce memory load on the system
#   Increase physical memory or swap space
#   Check if swap backing store is full
#   Decrease Java heap size (-Xmx/-Xms)
#   Decrease number of Java threads
#   Decrease Java thread stack sizes (-Xss)
#   Set larger code cache with -XX:ReservedCodeCacheSize=
#   JVM is running with Zero Based Compressed Oops mode in which the Java heap is
#     placed in the first 32GB address space. The Java Heap base address is the
#     maximum limit for the native heap growth. Please use -XX:HeapBaseMinAddress
#     to set the Java Heap base and to place the Java Heap above 32GB virtual address.
# This output file may be truncated or incomplete.
#
#  INVALID (0xe0000002) at pc=0x0000000000000000, pid=20154, tid=0x00007fc14b0f0700
#
# JRE version: OpenJDK Runtime Environment (Zulu 8.52.0.23-CA-linux64) (8.0_282-b08) (build 1.8.0_282-b08)
# Java VM: OpenJDK 64-Bit Server VM (25.282-b08 mixed mode linux-amd64 compressed oops)
# Failed to write core dump. Core dumps have been disabled. To enable core dumping, try "ulimit -c unlimited" before starting Java again
#

---------------  T H R E A D  ---------------

Current thread (0x00007fc1a01eb000):  VMThread [stack: 0x00007fc14aff1000,0x00007fc14b0f1000] [id=20198]

Stack: [0x00007fc14aff1000,0x00007fc14b0f1000],  sp=0x00007fc14b0ef040,  free space=1016k
Native frames: (J=compiled Java code, j=interpreted, Vv=VM code, C=native code)
V  [libjvm.so+0xae6e8d]  VMError::report_and_die()+0x15d
V  [libjvm.so+0x4f7869]  report_vm_out_of_memory(char const*, int, unsigned long, VMErrorType, char const*)+0x99
V  [libjvm.so+0x9401e3]  os::Linux::commit_memory_impl(char*, unsigned long, bool)+0x113
V  [libjvm.so+0x940409]  os::pd_commit_memory(char*, unsigned long, unsigned long, bool)+0x29
V  [libjvm.so+0x9347aa]  os::commit_memory(char*, unsigned long, unsigned long, bool)+0x2a
V  [libjvm.so+0x9a8a5b]  PSVirtualSpace::expand_by(unsigned long)+0x6b
V  [libjvm.so+0x998c29]  PSOldGen::expand_by(unsigned long)+0x39
V  [libjvm.so+0x998da2]  PSOldGen::expand(unsigned long)+0xa2
V  [libjvm.so+0x99919b]  PSOldGen::resize(unsigned long)+0x1db
V  [libjvm.so+0x9a1166]  PSParallelCompact::invoke_no_policy(bool)+0xa16
V  [libjvm.so+0x9a6b29]  PSScavenge::invoke()+0x179
V  [libjvm.so+0x96055d]  ParallelScavengeHeap::failed_mem_allocate(unsigned long)+0x6d
V  [libjvm.so+0xae8e07]  VM_ParallelGCFailedAllocation::doit()+0x97
V  [libjvm.so+0xaf0942]  VM_Operation::evaluate()+0x52
V  [libjvm.so+0xaee04f]  VMThread::evaluate_operation(VM_Operation*)+0xdf
V  [libjvm.so+0xaef56e]  VMThread::loop()+0x1fe
V  [libjvm.so+0xaefa23]  VMThread::run()+0x83
V  [libjvm.so+0x940572]  java_start(Thread*)+0x132

VM_Operation (0x00007fc1a4b84e40): ParallelGCFailedAllocation, mode: safepoint, requested by thread 0x00007fc1a000b000


---------------  P R O C E S S  ---------------

Java Threads: ( => current thread )
  0x00007fc1a024d000 JavaThread "Service Thread" daemon [_thread_blocked, id=20233, stack(0x00007fc14a675000,0x00007fc14a776000)]
  0x00007fc1a0238000 JavaThread "C1 CompilerThread3" daemon [_thread_blocked, id=20226, stack(0x00007fc14a777000,0x00007fc14a877000)]
  0x00007fc1a0235800 JavaThread "C2 CompilerThread2" daemon [_thread_blocked, id=20225, stack(0x00007fc14a878000,0x00007fc14a978000)]
  0x00007fc1a0234000 JavaThread "C2 CompilerThread1" daemon [_thread_blocked, id=20223, stack(0x00007fc14a979000,0x00007fc14aa79000)]
  0x00007fc1a0231000 JavaThread "C2 CompilerThread0" daemon [_thread_blocked, id=20219, stack(0x00007fc14aa7a000,0x00007fc14ab7a000)]
  0x00007fc1a022b800 JavaThread "Signal Dispatcher" daemon [_thread_blocked, id=20210, stack(0x00007fc14ab7a000,0x00007fc14ac7b000)]
  0x00007fc1a01f9800 JavaThread "Finalizer" daemon [_thread_blocked, id=20206, stack(0x00007fc14adee000,0x00007fc14aeef000)]
  0x00007fc1a01f5000 JavaThread "Reference Handler" daemon [_thread_blocked, id=20202, stack(0x00007fc14aeef000,0x00007fc14aff0000)]
  0x00007fc1a000b000 JavaThread "main" [_thread_blocked, id=20156, stack(0x00007fc1a4a87000,0x00007fc1a4b87000)]

Other Threads:
=>0x00007fc1a01eb000 VMThread [stack: 0x00007fc14aff1000,0x00007fc14b0f1000] [id=20198]
  0x00007fc1a024f800 WatcherThread [stack: 0x00007fc14a575000,0x00007fc14a675000] [id=20234]

VM state:at safepoint (normal execution)

VM Mutex/Monitor currently owned by a thread:  ([mutex/lock_event])
[0x00007fc1a0007ed0] ExpandHeap_lock - owner thread: 0x00007fc1a01eb000
[0x00007fc1a0008550] Threads_lock - owner thread: 0x00007fc1a01eb000
[0x00007fc1a0008a50] Heap_lock - owner thread: 0x00007fc1a000b000

heap address: 0x00000003d3c00000, size: 16068 MB, Compressed Oops mode: Zero based, Oop shift amount: 3
Narrow klass base: 0x0000000000000000, Narrow klass shift: 3
Compressed class space size: 1073741824 Address: 0x00000007c0000000

Heap:
 PSYoungGen      total 5166592K, used 124087K [0x0000000671400000, 0x00000007c0000000, 0x00000007c0000000)
  eden space 4869120K, 0% used [0x0000000671400000,0x0000000671400000,0x000000079a700000)
  from space 297472K, 41% used [0x000000079a700000,0x00000007a202dd88,0x00000007ac980000)
  to   space 297984K, 0% used [0x00000007add00000,0x00000007add00000,0x00000007c0000000)
 ParOldGen       total 8651776K, used 8651617K [0x00000003d3c00000, 0x00000005e3d00000, 0x0000000671400000)
  object space 8651776K, 99% used [0x00000003d3c00000,0x00000005e3cd8468,0x00000005e3d00000)
 Metaspace       used 39154K, capacity 39568K, committed 39592K, reserved 1083392K
  class space    used 5400K, capacity 5527K, committed 5544K, reserved 1048576K

Card table byte_map: [0x00007fc18f09d000,0x00007fc191000000] byte_map_base: 0x00007fc18d1ff000

Marking Bits: (ParMarkBitMap*) 0x00007fc1a5d08a80
 Begin Bits: [0x00007fc1509e0000, 0x00007fc1604f0000)
 End Bits:   [0x00007fc1604f0000, 0x00007fc170000000)

Polling page: 0x00007fc1a613f000

CodeCache: size=245760Kb used=6200Kb max_used=6427Kb free=239559Kb
 bounds [0x00007fc191000000, 0x00007fc191670000, 0x00007fc1a0000000]
 total_blobs=2172 nmethods=1708 adapters=377
 compilation: enabled

Compilation events (10 events):
Event: 194.234 Thread 0x00007fc1a0235800 nmethod 1931 0x00007fc191421f90 code [0x00007fc1914220e0, 0x00007fc191422338]
Event: 194.238 Thread 0x00007fc1a0231000 nmethod 1932 0x00007fc19126c4d0 code [0x00007fc19126c680, 0x00007fc19126cb98]
Event: 203.088 Thread 0x00007fc1a0231000 1934 %     4       htsjdk.samtools.AbstractBAMFileIndex::query @ 73 (354 bytes)
Event: 203.089 Thread 0x00007fc1a0235800 1933 %     4       htsjdk.samtools.AbstractBAMFileIndex::skipToSequence @ 80 (145 bytes)
Event: 203.097 Thread 0x00007fc1a0235800 nmethod 1933% 0x00007fc1911b2e10 code [0x00007fc1911b2fa0, 0x00007fc1911b3448]
Event: 203.210 Thread 0x00007fc1a0231000 nmethod 1934% 0x00007fc1912e2c50 code [0x00007fc1912e2f40, 0x00007fc1912e4e90]
Event: 211.852 Thread 0x00007fc1a0235800 1936       4       htsjdk.samtools.AbstractBAMFileIndex::query (354 bytes)
Event: 211.861 Thread 0x00007fc1a0234000 1935       4       htsjdk.samtools.AbstractBAMFileIndex::skipToSequence (145 bytes)
Event: 211.877 Thread 0x00007fc1a0234000 nmethod 1935 0x00007fc191139fd0 code [0x00007fc19113a180, 0x00007fc19113a968]
Event: 211.956 Thread 0x00007fc1a0235800 nmethod 1936 0x00007fc1912a6150 code [0x00007fc1912a6480, 0x00007fc1912a85d0]

GC Heap History (10 events):
Event: 301.459 GC heap after
Heap after GC invocations=63 (full 8):
 PSYoungGen      total 5137920K, used 196319K [0x0000000671400000, 0x00000007bf100000, 0x00000007c0000000)
  eden space 4811776K, 0% used [0x0000000671400000,0x0000000671400000,0x0000000796f00000)
  from space 326144K, 60% used [0x0000000796f00000,0x00000007a2eb7c50,0x00000007aad80000)
  to   space 319488K, 0% used [0x00000007ab900000,0x00000007ab900000,0x00000007bf100000)
 ParOldGen       total 8651776K, used 7747114K [0x00000003d3c00000, 0x00000005e3d00000, 0x0000000671400000)
  object space 8651776K, 89% used [0x00000003d3c00000,0x00000005ac98abf8,0x00000005e3d00000)
 Metaspace       used 39154K, capacity 39568K, committed 39592K, reserved 1083392K
  class space    used 5400K, capacity 5527K, committed 5544K, reserved 1048576K
}
Event: 305.710 GC heap before
{Heap before GC invocations=64 (full 8):
 PSYoungGen      total 5137920K, used 5008095K [0x0000000671400000, 0x00000007bf100000, 0x00000007c0000000)
  eden space 4811776K, 100% used [0x0000000671400000,0x0000000796f00000,0x0000000796f00000)
  from space 326144K, 60% used [0x0000000796f00000,0x00000007a2eb7c50,0x00000007aad80000)
  to   space 319488K, 0% used [0x00000007ab900000,0x00000007ab900000,0x00000007bf100000)
 ParOldGen       total 8651776K, used 7747114K [0x00000003d3c00000, 0x00000005e3d00000, 0x0000000671400000)
  object space 8651776K, 89% used [0x00000003d3c00000,0x00000005ac98abf8,0x00000005e3d00000)
 Metaspace       used 39154K, capacity 39568K, committed 39592K, reserved 1083392K
  class space    used 5400K, capacity 5527K, committed 5544K, reserved 1048576K
Event: 306.951 GC heap after
Heap after GC invocations=64 (full 8):
 PSYoungGen      total 5149696K, used 206779K [0x0000000671400000, 0x00000007be880000, 0x00000007c0000000)
  eden space 4838912K, 0% used [0x0000000671400000,0x0000000671400000,0x0000000798980000)
  from space 310784K, 66% used [0x00000007ab900000,0x00000007b82eeea0,0x00000007be880000)
  to   space 310784K, 0% used [0x0000000798980000,0x0000000798980000,0x00000007ab900000)
 ParOldGen       total 8651776K, used 7943050K [0x00000003d3c00000, 0x00000005e3d00000, 0x0000000671400000)
  object space 8651776K, 91% used [0x00000003d3c00000,0x00000005b88e2bf8,0x00000005e3d00000)
 Metaspace       used 39154K, capacity 39568K, committed 39592K, reserved 1083392K
  class space    used 5400K, capacity 5527K, committed 5544K, reserved 1048576K
}
Event: 310.281 GC heap before
{Heap before GC invocations=65 (full 8):
 PSYoungGen      total 5149696K, used 5045691K [0x0000000671400000, 0x00000007be880000, 0x00000007c0000000)
  eden space 4838912K, 100% used [0x0000000671400000,0x0000000798980000,0x0000000798980000)
  from space 310784K, 66% used [0x00000007ab900000,0x00000007b82eeea0,0x00000007be880000)
  to   space 310784K, 0% used [0x0000000798980000,0x0000000798980000,0x00000007ab900000)
 ParOldGen       total 8651776K, used 7943050K [0x00000003d3c00000, 0x00000005e3d00000, 0x0000000671400000)
  object space 8651776K, 91% used [0x00000003d3c00000,0x00000005b88e2bf8,0x00000005e3d00000)
 Metaspace       used 39154K, capacity 39568K, committed 39592K, reserved 1083392K
  class space    used 5400K, capacity 5527K, committed 5544K, reserved 1048576K
Event: 311.526 GC heap after
Heap after GC invocations=65 (full 8):
 PSYoungGen      total 5149696K, used 197074K [0x0000000671400000, 0x00000007bf400000, 0x00000007c0000000)
  eden space 4838912K, 0% used [0x0000000671400000,0x0000000671400000,0x0000000798980000)
  from space 310784K, 63% used [0x0000000798980000,0x00000007a49f4bb0,0x00000007ab900000)
  to   space 304640K, 0% used [0x00000007aca80000,0x00000007aca80000,0x00000007bf400000)
 ParOldGen       total 8651776K, used 8149498K [0x00000003d3c00000, 0x00000005e3d00000, 0x0000000671400000)
  object space 8651776K, 94% used [0x00000003d3c00000,0x00000005c527ebf8,0x00000005e3d00000)
 Metaspace       used 39154K, capacity 39568K, committed 39592K, reserved 1083392K
  class space    used 5400K, capacity 5527K, committed 5544K, reserved 1048576K
}
Event: 314.064 GC heap before
{Heap before GC invocations=66 (full 8):
 PSYoungGen      total 5149696K, used 5035986K [0x0000000671400000, 0x00000007bf400000, 0x00000007c0000000)
  eden space 4838912K, 100% used [0x0000000671400000,0x0000000798980000,0x0000000798980000)
  from space 310784K, 63% used [0x0000000798980000,0x00000007a49f4bb0,0x00000007ab900000)
  to   space 304640K, 0% used [0x00000007aca80000,0x00000007aca80000,0x00000007bf400000)
 ParOldGen       total 8651776K, used 8149498K [0x00000003d3c00000, 0x00000005e3d00000, 0x0000000671400000)
  object space 8651776K, 94% used [0x00000003d3c00000,0x00000005c527ebf8,0x00000005e3d00000)
 Metaspace       used 39154K, capacity 39568K, committed 39592K, reserved 1083392K
  class space    used 5400K, capacity 5527K, committed 5544K, reserved 1048576K
Event: 315.155 GC heap after
Heap after GC invocations=66 (full 8):
 PSYoungGen      total 5165568K, used 202988K [0x0000000671400000, 0x00000007bec00000, 0x00000007c0000000)
  eden space 4869120K, 0% used [0x0000000671400000,0x0000000671400000,0x000000079a700000)
  from space 296448K, 68% used [0x00000007aca80000,0x00000007b90bb198,0x00000007bec00000)
  to   space 297472K, 0% used [0x000000079a700000,0x000000079a700000,0x00000007ac980000)
 ParOldGen       total 8651776K, used 8346202K [0x00000003d3c00000, 0x00000005e3d00000, 0x0000000671400000)
  object space 8651776K, 96% used [0x00000003d3c00000,0x00000005d1296bf8,0x00000005e3d00000)
 Metaspace       used 39154K, capacity 39568K, committed 39592K, reserved 1083392K
  class space    used 5400K, capacity 5527K, committed 5544K, reserved 1048576K
}
Event: 318.363 GC heap before
{Heap before GC invocations=67 (full 8):
 PSYoungGen      total 5165568K, used 5072108K [0x0000000671400000, 0x00000007bec00000, 0x00000007c0000000)
  eden space 4869120K, 100% used [0x0000000671400000,0x000000079a700000,0x000000079a700000)
  from space 296448K, 68% used [0x00000007aca80000,0x00000007b90bb198,0x00000007bec00000)
  to   space 297472K, 0% used [0x000000079a700000,0x000000079a700000,0x00000007ac980000)
 ParOldGen       total 8651776K, used 8346202K [0x00000003d3c00000, 0x00000005e3d00000, 0x0000000671400000)
  object space 8651776K, 96% used [0x00000003d3c00000,0x00000005d1296bf8,0x00000005e3d00000)
 Metaspace       used 39154K, capacity 39568K, committed 39592K, reserved 1083392K
  class space    used 5400K, capacity 5527K, committed 5544K, reserved 1048576K
Event: 319.524 GC heap after
Heap after GC invocations=67 (full 8):
 PSYoungGen      total 5166592K, used 236970K [0x0000000671400000, 0x00000007c0000000, 0x00000007c0000000)
  eden space 4869120K, 0% used [0x0000000671400000,0x0000000671400000,0x000000079a700000)
  from space 297472K, 79% used [0x000000079a700000,0x00000007a8e6a890,0x00000007ac980000)
  to   space 297984K, 0% used [0x00000007add00000,0x00000007add00000,0x00000007c0000000)
 ParOldGen       total 8651776K, used 8548898K [0x00000003d3c00000, 0x00000005e3d00000, 0x0000000671400000)
  object space 8651776K, 98% used [0x00000003d3c00000,0x00000005dd888bf8,0x00000005e3d00000)
 Metaspace       used 39154K, capacity 39568K, committed 39592K, reserved 1083392K
  class space    used 5400K, capacity 5527K, committed 5544K, reserved 1048576K
}
Event: 319.524 GC heap before
{Heap before GC invocations=68 (full 9):
 PSYoungGen      total 5166592K, used 236970K [0x0000000671400000, 0x00000007c0000000, 0x00000007c0000000)
  eden space 4869120K, 0% used [0x0000000671400000,0x0000000671400000,0x000000079a700000)
  from space 297472K, 79% used [0x000000079a700000,0x00000007a8e6a890,0x00000007ac980000)
  to   space 297984K, 0% used [0x00000007add00000,0x00000007add00000,0x00000007c0000000)
 ParOldGen       total 8651776K, used 8548898K [0x00000003d3c00000, 0x00000005e3d00000, 0x0000000671400000)
  object space 8651776K, 98% used [0x00000003d3c00000,0x00000005dd888bf8,0x00000005e3d00000)
 Metaspace       used 39154K, capacity 39568K, committed 39592K, reserved 1083392K
  class space    used 5400K, capacity 5527K, committed 5544K, reserved 1048576K

Deoptimization events (10 events):
Event: 161.375 Thread 0x00007fc1a000b000 Uncommon trap: reason=unstable_if action=reinterpret pc=0x00007fc1911afa3c method=java.util.ComparableTimSort.countRunAndMakeAscending([Ljava/lang/Object;II)I @ 47
Event: 161.562 Thread 0x00007fc1a000b000 Uncommon trap: reason=unstable_if action=reinterpret pc=0x00007fc19127ea68 method=java.util.ComparableTimSort.countRunAndMakeAscending([Ljava/lang/Object;II)I @ 71
Event: 161.562 Thread 0x00007fc1a000b000 Uncommon trap: reason=unstable_if action=reinterpret pc=0x00007fc1913545d8 method=java.util.ComparableTimSort.countRunAndMakeAscending([Ljava/lang/Object;II)I @ 71
Event: 166.199 Thread 0x00007fc1a000b000 Uncommon trap: reason=unstable_if action=reinterpret pc=0x00007fc19124e74c method=htsjdk.samtools.CachingBAMFileIndex.getQueryResults(I)Lhtsjdk/samtools/BAMIndexContent; @ 15
Event: 166.199 Thread 0x00007fc1a000b000 Uncommon trap: reason=unstable_if action=reinterpret pc=0x00007fc1911c834c method=htsjdk.samtools.GenomicIndexUtil.regionToBins(II)Ljava/util/BitSet; @ 19
Event: 186.590 Thread 0x00007fc1a000b000 Uncommon trap: reason=unstable_if action=reinterpret pc=0x00007fc191327ef8 method=java.util.ComparableTimSort.countRunAndMakeAscending([Ljava/lang/Object;II)I @ 52
Event: 186.590 Thread 0x00007fc1a000b000 Uncommon trap: reason=unstable_if action=reinterpret pc=0x00007fc191309710 method=java.util.ComparableTimSort.countRunAndMakeAscending([Ljava/lang/Object;II)I @ 52
Event: 194.216 Thread 0x00007fc1a000b000 Uncommon trap: reason=unstable_if action=reinterpret pc=0x00007fc1911c2f90 method=java.util.ArrayList.<init>(Ljava/util/Collection;)V @ 18
Event: 194.216 Thread 0x00007fc1a000b000 Uncommon trap: reason=unstable_if action=reinterpret pc=0x00007fc19132c694 method=java.util.ArrayList.<init>(Ljava/util/Collection;)V @ 18
Event: 194.216 Thread 0x00007fc1a000b000 Uncommon trap: reason=unstable_if action=reinterpret pc=0x00007fc191371f90 method=java.util.ArrayList.<init>(Ljava/util/Collection;)V @ 18

Classes redefined (0 events):
No events

Internal exceptions (10 events):
Event: 4.337 Thread 0x00007fc1a000b000 Exception <a 'java/lang/ClassNotFoundException': java/lang/StringEditor> (0x0000000672263580) thrown at [/export/home/tester/jenkins/workspace/zulu8-silver-build-rhel64/zulu-src/hotspot/src/share/vm/classfile/systemDictionary.cpp, line 220]
Event: 4.338 Thread 0x00007fc1a000b000 Exception <a 'java/lang/ClassNotFoundException': java/lang/StringEditor> (0x00000006722642a0) thrown at [/export/home/tester/jenkins/workspace/zulu8-silver-build-rhel64/zulu-src/hotspot/src/share/vm/classfile/systemDictionary.cpp, line 220]
Event: 4.338 Thread 0x00007fc1a000b000 Exception <a 'java/lang/ClassNotFoundException': java/lang/StringEditor> (0x0000000672264f88) thrown at [/export/home/tester/jenkins/workspace/zulu8-silver-build-rhel64/zulu-src/hotspot/src/share/vm/classfile/systemDictionary.cpp, line 220]
Event: 4.338 Thread 0x00007fc1a000b000 Exception <a 'java/lang/ClassNotFoundException': java/lang/StringEditor> (0x0000000672265c70) thrown at [/export/home/tester/jenkins/workspace/zulu8-silver-build-rhel64/zulu-src/hotspot/src/share/vm/classfile/systemDictionary.cpp, line 220]
Event: 4.665 Thread 0x00007fc1a000b000 Exception <a 'java/lang/NoSuchMethodError': java.lang.Object.lambda$comparing$ea9a8b3a$1(Ljava/util/Comparator;Ljava/util/function/Function;Ljava/lang/Object;Ljava/lang/Object;)I> (0x000000067db2bf18) thrown at [/export/home/tester/jenkins/workspace/zulu8
Event: 4.667 Thread 0x00007fc1a000b000 Exception <a 'java/lang/NoSuchMethodError': java.lang.Object.lambda$comparingInt$7b0bb60$1(Ljava/util/function/ToIntFunction;Ljava/lang/Object;Ljava/lang/Object;)I> (0x000000067db39fb8) thrown at [/export/home/tester/jenkins/workspace/zulu8-silver-build-r
Event: 4.668 Thread 0x00007fc1a000b000 Exception <a 'java/lang/NoSuchMethodError': java.lang.Object.lambda$thenComparing$36697e65$1(Ljava/util/Comparator;Ljava/lang/Object;Ljava/lang/Object;)I> (0x000000067db413d8) thrown at [/export/home/tester/jenkins/workspace/zulu8-silver-build-rhel64/zulu
Event: 128.998 Thread 0x00007fc1a000b000 Implicit null exception at 0x00007fc1915fc362 to 0x00007fc1915fcd75
Event: 132.867 Thread 0x00007fc1a000b000 Exception <a 'java/lang/NoSuchMethodError': java.lang.Object.lambda$comparing$77a9974f$1(Ljava/util/function/Function;Ljava/lang/Object;Ljava/lang/Object;)I> (0x000000076cc6ec28) thrown at [/export/home/tester/jenkins/workspace/zulu8-silver-build-rhel64/z
Event: 132.896 Thread 0x00007fc1a000b000 Exception <a 'java/lang/NoSuchMethodError': java.lang.Object.lambda$identity$d67512bf$1(Lorg/broadinstitute/hellbender/utils/read/GATKRead;)Lorg/broadinstitute/hellbender/utils/read/GATKRead;> (0x000000076ccbba18) thrown at [/export/home/tester/jenkins/wo

Events (10 events):
Event: 295.073 Executing VM operation: ParallelGCFailedAllocation done
Event: 299.795 Executing VM operation: ParallelGCFailedAllocation
Event: 301.459 Executing VM operation: ParallelGCFailedAllocation done
Event: 305.710 Executing VM operation: ParallelGCFailedAllocation
Event: 306.951 Executing VM operation: ParallelGCFailedAllocation done
Event: 310.281 Executing VM operation: ParallelGCFailedAllocation
Event: 311.526 Executing VM operation: ParallelGCFailedAllocation done
Event: 314.064 Executing VM operation: ParallelGCFailedAllocation
Event: 315.155 Executing VM operation: ParallelGCFailedAllocation done
Event: 318.363 Executing VM operation: ParallelGCFailedAllocation


Dynamic libraries:
3d3c00000-5e3d00000 rw-p 00000000 00:00 0 
666480000-671400000 ---p 00000000 00:00 0 
671400000-7c0000000 rw-p 00000000 00:00 0 
7c0000000-7c056a000 rw-p 00000000 00:00 0 
7c056a000-800000000 ---p 00000000 00:00 0 
56028685d000-56028685e000 r-xp 00000000 00:26 9933961943                 /mnt/work1/users/pughlab/bin/swgs/.snakemake/conda/605389da677bd4caac27a876072fc4c4/bin/java
560286a5d000-560286a5e000 r--p 00000000 00:26 9933961943                 /mnt/work1/users/pughlab/bin/swgs/.snakemake/conda/605389da677bd4caac27a876072fc4c4/bin/java
560286a5e000-560286a5f000 rw-p 00001000 00:26 9933961943                 /mnt/work1/users/pughlab/bin/swgs/.snakemake/conda/605389da677bd4caac27a876072fc4c4/bin/java
560286a5f000-560286a60000 rw-p 00003000 00:26 9933961943                 /mnt/work1/users/pughlab/bin/swgs/.snakemake/conda/605389da677bd4caac27a876072fc4c4/bin/java
5602871ed000-56028720e000 rw-p 00000000 00:00 0                          [heap]
7fc114000000-7fc114021000 rw-p 00000000 00:00 0 
7fc114021000-7fc118000000 ---p 00000000 00:00 0 
7fc118000000-7fc118021000 rw-p 00000000 00:00 0 
7fc118021000-7fc11c000000 ---p 00000000 00:00 0 
7fc11c000000-7fc11cb16000 rw-p 00000000 00:00 0 
7fc11cb16000-7fc120000000 ---p 00000000 00:00 0 
7fc120000000-7fc12022d000 rw-p 00000000 00:00 0 
7fc12022d000-7fc124000000 ---p 00000000 00:00 0 
7fc124000000-7fc124808000 rw-p 00000000 00:00 0 
7fc124808000-7fc128000000 ---p 00000000 00:00 0 
7fc12c000000-7fc12c021000 rw-p 00000000 00:00 0 
7fc12c021000-7fc130000000 ---p 00000000 00:00 0 
7fc130000000-7fc130f98000 rw-p 00000000 00:00 0 
7fc130f98000-7fc134000000 ---p 00000000 00:00 0 
7fc134000000-7fc134021000 rw-p 00000000 00:00 0 
7fc134021000-7fc138000000 ---p 00000000 00:00 0 
7fc138000000-7fc138021000 rw-p 00000000 00:00 0 
7fc138021000-7fc13c000000 ---p 00000000 00:00 0 
7fc13c000000-7fc13c2c3000 rw-p 00000000 00:00 0 
7fc13c2c3000-7fc140000000 ---p 00000000 00:00 0 
7fc140e26000-7fc141471000 r--s 00000000 00:26 10002636056                /mnt/work1/users/pughlab/bin/swgs/results/alignment/recal/net-001b.bqsr.bai
7fc141471000-7fc1415b1000 rw-p 00000000 00:00 0 
7fc1415b1000-7fc141671000 ---p 00000000 00:00 0 
7fc141671000-7fc141871000 rw-p 00000000 00:00 0 
7fc141871000-7fc14189b000 r-xp 00000000 fd:01 7163982                    /tmp/libgkl_compression8453991582552881024.so
7fc14189b000-7fc141a9b000 ---p 0002a000 fd:01 7163982                    /tmp/libgkl_compression8453991582552881024.so
7fc141a9b000-7fc141a9e000 rw-p 0002a000 fd:01 7163982                    /tmp/libgkl_compression8453991582552881024.so
7fc141a9e000-7fc141c9e000 rw-p 00000000 00:00 0 
7fc141c9e000-7fc141e9e000 rw-p 00000000 00:00 0 
7fc141e9e000-7fc14209e000 rw-p 00000000 00:00 0 
7fc14209e000-7fc144000000 rw-p 00000000 00:00 0 
7fc144000000-7fc144a58000 rw-p 00000000 00:00 0 
7fc144a58000-7fc148000000 ---p 00000000 00:00 0 
7fc148174000-7fc148374000 rw-p 00000000 00:00 0 
7fc148374000-7fc148574000 rw-p 00000000 00:00 0 
7fc148574000-7fc148774000 rw-p 00000000 00:00 0 
7fc148774000-7fc148974000 rw-p 00000000 00:00 0 
7fc148974000-7fc148b74000 rw-p 00000000 00:00 0 
7fc148b74000-7fc148d74000 rw-p 00000000 00:00 0 
7fc148d74000-7fc148f74000 rw-p 00000000 00:00 0 
7fc148f74000-7fc149174000 rw-p 00000000 00:00 0 
7fc149174000-7fc14917d000 r-xp 00000000 00:26 9928820580                 /mnt/work1/users/pughlab/bin/swgs/.snakemake/conda/605389da677bd4caac27a876072fc4c4/jre/lib/amd64/libmanagement.so
7fc14917d000-7fc14937c000 ---p 00009000 00:26 9928820580                 /mnt/work1/users/pughlab/bin/swgs/.snakemake/conda/605389da677bd4caac27a876072fc4c4/jre/lib/amd64/libmanagement.so
7fc14937c000-7fc14937d000 r--p 00008000 00:26 9928820580                 /mnt/work1/users/pughlab/bin/swgs/.snakemake/conda/605389da677bd4caac27a876072fc4c4/jre/lib/amd64/libmanagement.so
7fc14937d000-7fc14937e000 rw-p 00009000 00:26 9928820580                 /mnt/work1/users/pughlab/bin/swgs/.snakemake/conda/605389da677bd4caac27a876072fc4c4/jre/lib/amd64/libmanagement.so
7fc14937e000-7fc149380000 rw-p 0000d000 00:26 9928820580                 /mnt/work1/users/pughlab/bin/swgs/.snakemake/conda/605389da677bd4caac27a876072fc4c4/jre/lib/amd64/libmanagement.so
7fc149380000-7fc149399000 r-xp 00000000 00:26 9928820581                 /mnt/work1/users/pughlab/bin/swgs/.snakemake/conda/605389da677bd4caac27a876072fc4c4/jre/lib/amd64/libnet.so
7fc149399000-7fc149598000 ---p 00019000 00:26 9928820581                 /mnt/work1/users/pughlab/bin/swgs/.snakemake/conda/605389da677bd4caac27a876072fc4c4/jre/lib/amd64/libnet.so
7fc149598000-7fc149599000 r--p 00018000 00:26 9928820581                 /mnt/work1/users/pughlab/bin/swgs/.snakemake/conda/605389da677bd4caac27a876072fc4c4/jre/lib/amd64/libnet.so
7fc149599000-7fc14959a000 rw-p 00019000 00:26 9928820581                 /mnt/work1/users/pughlab/bin/swgs/.snakemake/conda/605389da677bd4caac27a876072fc4c4/jre/lib/amd64/libnet.so
7fc14959a000-7fc14959c000 rw-p 00020000 00:26 9928820581                 /mnt/work1/users/pughlab/bin/swgs/.snakemake/conda/605389da677bd4caac27a876072fc4c4/jre/lib/amd64/libnet.so
7fc14959c000-7fc1495ad000 r-xp 00000000 00:26 9933961976                 /mnt/work1/users/pughlab/bin/swgs/.snakemake/conda/605389da677bd4caac27a876072fc4c4/jre/lib/amd64/libnio.so
7fc1495ad000-7fc1497ad000 ---p 00011000 00:26 9933961976                 /mnt/work1/users/pughlab/bin/swgs/.snakemake/conda/605389da677bd4caac27a876072fc4c4/jre/lib/amd64/libnio.so
7fc1497ad000-7fc1497ae000 r--p 00011000 00:26 9933961976                 /mnt/work1/users/pughlab/bin/swgs/.snakemake/conda/605389da677bd4caac27a876072fc4c4/jre/lib/amd64/libnio.so
7fc1497ae000-7fc1497af000 rw-p 00012000 00:26 9933961976                 /mnt/work1/users/pughlab/bin/swgs/.snakemake/conda/605389da677bd4caac27a876072fc4c4/jre/lib/amd64/libnio.so
7fc1497af000-7fc1497b2000 rw-p 00019000 00:26 9933961976                 /mnt/work1/users/pughlab/bin/swgs/.snakemake/conda/605389da677bd4caac27a876072fc4c4/jre/lib/amd64/libnio.so
7fc1497b2000-7fc14a574000 r--s 103b2000 00:26 9928822777                 /mnt/work1/users/pughlab/bin/swgs/.snakemake/conda/605389da677bd4caac27a876072fc4c4/share/gatk4-4.1.4.1-1/gatk-package-4.1.4.1-local.jar
7fc14a574000-7fc14a575000 ---p 00000000 00:00 0 
7fc14a575000-7fc14a675000 rw-p 00000000 00:00 0 
7fc14a675000-7fc14a679000 ---p 00000000 00:00 0 
7fc14a679000-7fc14a776000 rw-p 00000000 00:00 0 
7fc14a776000-7fc14a777000 ---p 00000000 00:00 0 
7fc14a777000-7fc14a77b000 ---p 00000000 00:00 0 
7fc14a77b000-7fc14a877000 rw-p 00000000 00:00 0 
7fc14a877000-7fc14a878000 ---p 00000000 00:00 0 
7fc14a878000-7fc14a87c000 ---p 00000000 00:00 0 
7fc14a87c000-7fc14a978000 rw-p 00000000 00:00 0 
7fc14a978000-7fc14a979000 ---p 00000000 00:00 0 
7fc14a979000-7fc14a97d000 ---p 00000000 00:00 0 
7fc14a97d000-7fc14aa79000 rw-p 00000000 00:00 0 
7fc14aa79000-7fc14aa7a000 ---p 00000000 00:00 0 
7fc14aa7a000-7fc14aa7e000 ---p 00000000 00:00 0 
7fc14aa7e000-7fc14ab7a000 rw-p 00000000 00:00 0 
7fc14ab7a000-7fc14ab7e000 ---p 00000000 00:00 0 
7fc14ab7e000-7fc14ac7b000 rw-p 00000000 00:00 0 
7fc14ac7b000-7fc14adee000 r--p 00000000 07:00 10254                      /usr/lib/locale/C.UTF-8/LC_COLLATE
7fc14adee000-7fc14adf2000 ---p 00000000 00:00 0 
7fc14adf2000-7fc14aeef000 rw-p 00000000 00:00 0 
7fc14aeef000-7fc14aef3000 ---p 00000000 00:00 0 
7fc14aef3000-7fc14aff0000 rw-p 00000000 00:00 0 
7fc14aff0000-7fc14aff1000 ---p 00000000 00:00 0 
7fc14aff1000-7fc14c000000 rw-p 00000000 00:00 0 
7fc14c000000-7fc14ca84000 rw-p 00000000 00:00 0 
7fc14ca84000-7fc150000000 ---p 00000000 00:00 0 
7fc1500cc000-7fc1500d7000 r--s 00116000 00:26 9987056738                 /mnt/work1/users/pughlab/bin/swgs/.snakemake/conda/605389da677bd4caac27a876072fc4c4/jre/lib/ext/localedata.jar
7fc1500d7000-7fc170000000 rw-p 00000000 00:00 0 
7fc170000000-7fc170e95000 rw-p 00000000 00:00 0 
7fc170e95000-7fc174000000 ---p 00000000 00:00 0 
7fc174000000-7fc174eb3000 rw-p 00000000 00:00 0 
7fc174eb3000-7fc178000000 ---p 00000000 00:00 0 
7fc178000000-7fc178a15000 rw-p 00000000 00:00 0 
7fc178a15000-7fc17c000000 ---p 00000000 00:00 0 
7fc17c000000-7fc17c96a000 rw-p 00000000 00:00 0 
7fc17c96a000-7fc180000000 ---p 00000000 00:00 0 
7fc180000000-7fc180aa3000 rw-p 00000000 00:00 0 
7fc180aa3000-7fc184000000 ---p 00000000 00:00 0 
7fc184000000-7fc184eac000 rw-p 00000000 00:00 0 
7fc184eac000-7fc188000000 ---p 00000000 00:00 0 
7fc188000000-7fc18a4b3000 rw-p 00000000 00:00 0 
7fc18a4b3000-7fc18c000000 ---p 00000000 00:00 0 
7fc18c001000-7fc18c01c000 r--s 00394000 00:26 9987056736                 /mnt/work1/users/pughlab/bin/swgs/.snakemake/conda/605389da677bd4caac27a876072fc4c4/jre/lib/ext/cldrdata.jar
7fc18c01c000-7fc18c02d000 r--s 001c5000 00:26 9933961993                 /mnt/work1/users/pughlab/bin/swgs/.snakemake/conda/605389da677bd4caac27a876072fc4c4/jre/lib/jsse.jar
7fc18c02d000-7fc18c048000 r--s 001d6000 00:26 9987056739                 /mnt/work1/users/pughlab/bin/swgs/.snakemake/conda/605389da677bd4caac27a876072fc4c4/jre/lib/ext/nashorn.jar
7fc18c048000-7fc18c04c000 r--p 00000000 07:00 770                        /lib/x86_64-linux-gnu/libresolv-2.28.so
7fc18c04c000-7fc18c059000 r-xp 00004000 07:00 770                        /lib/x86_64-linux-gnu/libresolv-2.28.so
7fc18c059000-7fc18c05d000 r--p 00011000 07:00 770                        /lib/x86_64-linux-gnu/libresolv-2.28.so
7fc18c05d000-7fc18c05e000 ---p 00015000 07:00 770                        /lib/x86_64-linux-gnu/libresolv-2.28.so
7fc18c05e000-7fc18c05f000 r--p 00015000 07:00 770                        /lib/x86_64-linux-gnu/libresolv-2.28.so
7fc18c05f000-7fc18c060000 rw-p 00016000 07:00 770                        /lib/x86_64-linux-gnu/libresolv-2.28.so
7fc18c060000-7fc18c062000 rw-p 00000000 00:00 0 
7fc18c062000-7fc18c063000 r--p 00000000 07:00 747                        /lib/x86_64-linux-gnu/libnss_dns-2.28.so
7fc18c063000-7fc18c067000 r-xp 00001000 07:00 747                        /lib/x86_64-linux-gnu/libnss_dns-2.28.so
7fc18c067000-7fc18c068000 r--p 00005000 07:00 747                        /lib/x86_64-linux-gnu/libnss_dns-2.28.so
7fc18c068000-7fc18c069000 r--p 00005000 07:00 747                        /lib/x86_64-linux-gnu/libnss_dns-2.28.so
7fc18c069000-7fc18c06a000 rw-p 00006000 07:00 747                        /lib/x86_64-linux-gnu/libnss_dns-2.28.so
7fc18c06e000-7fc18c075000 r--s 000d3000 00:26 9933961992                 /mnt/work1/users/pughlab/bin/swgs/.snakemake/conda/605389da677bd4caac27a876072fc4c4/jre/lib/jfr.jar
7fc18c075000-7fc18c6c9000 rw-p 00000000 00:00 0 
7fc18c6c9000-7fc18c89d000 r--s 03ce8000 00:26 9987056753                 /mnt/work1/users/pughlab/bin/swgs/.snakemake/conda/605389da677bd4caac27a876072fc4c4/jre/lib/rt.jar
7fc18c89d000-7fc18d2a8000 rw-p 00000000 00:00 0 
7fc18d2a8000-7fc18d2a9000 ---p 00000000 00:00 0 
7fc18d2a9000-7fc18d3a9000 rw-p 00000000 00:00 0 
7fc18d3a9000-7fc18d3aa000 ---p 00000000 00:00 0 
7fc18d3aa000-7fc18d4aa000 rw-p 00000000 00:00 0 
7fc18d4aa000-7fc18d4ab000 ---p 00000000 00:00 0 
7fc18d4ab000-7fc18d5ab000 rw-p 00000000 00:00 0 
7fc18d5ab000-7fc18d5ac000 ---p 00000000 00:00 0 
7fc18d5ac000-7fc18d6ac000 rw-p 00000000 00:00 0 
7fc18d6ac000-7fc18d6ad000 ---p 00000000 00:00 0 
7fc18d6ad000-7fc18d7ad000 rw-p 00000000 00:00 0 
7fc18d7ad000-7fc18d7ae000 ---p 00000000 00:00 0 
7fc18d7ae000-7fc18d8ae000 rw-p 00000000 00:00 0 
7fc18d8ae000-7fc18d8af000 ---p 00000000 00:00 0 
7fc18d8af000-7fc18d9af000 rw-p 00000000 00:00 0 
7fc18d9af000-7fc18d9b0000 ---p 00000000 00:00 0 
7fc18d9b0000-7fc18dab0000 rw-p 00000000 00:00 0 
7fc18dab0000-7fc18dab1000 ---p 00000000 00:00 0 
7fc18dab1000-7fc18ec32000 rw-p 00000000 00:00 0 
7fc18ec32000-7fc18f09d000 ---p 00000000 00:00 0 
7fc18f09d000-7fc19011e000 rw-p 00000000 00:00 0 
7fc19011e000-7fc190589000 ---p 00000000 00:00 0 
7fc190589000-7fc190fff000 rw-p 00000000 00:00 0 
7fc190fff000-7fc191000000 rw-p 00000000 00:00 0 
7fc191000000-7fc191670000 rwxp 00000000 00:00 0 
7fc191670000-7fc1a0000000 ---p 00000000 00:00 0 
7fc1a0000000-7fc1a1a00000 rw-p 00000000 00:00 0 
7fc1a1a00000-7fc1a4000000 ---p 00000000 00:00 0 
7fc1a4000000-7fc1a4032000 r--p 00000000 07:00 10255                      /usr/lib/locale/C.UTF-8/LC_CTYPE
7fc1a4032000-7fc1a4033000 r--p 00000000 07:00 10262                      /usr/lib/locale/C.UTF-8/LC_NUMERIC
7fc1a4033000-7fc1a4034000 r--p 00000000 07:00 10265                      /usr/lib/locale/C.UTF-8/LC_TIME
7fc1a4034000-7fc1a4035000 r--p 00000000 07:00 10260                      /usr/lib/locale/C.UTF-8/LC_MONETARY
7fc1a4035000-7fc1a4036000 r--p 00000000 07:00 10259                      /usr/lib/locale/C.UTF-8/LC_MESSAGES/SYS_LC_MESSAGES
7fc1a4036000-7fc1a403d000 r--s 00000000 07:00 12560                      /usr/lib/x86_64-linux-gnu/gconv/gconv-modules.cache
7fc1a403d000-7fc1a4057000 rw-p 00000000 00:00 0 
7fc1a4057000-7fc1a43fd000 ---p 00000000 00:00 0 
7fc1a43fd000-7fc1a4418000 r-xp 00000000 00:26 9928820584                 /mnt/work1/users/pughlab/bin/swgs/.snakemake/conda/605389da677bd4caac27a876072fc4c4/jre/lib/amd64/libzip.so
7fc1a4418000-7fc1a4618000 ---p 0001b000 00:26 9928820584                 /mnt/work1/users/pughlab/bin/swgs/.snakemake/conda/605389da677bd4caac27a876072fc4c4/jre/lib/amd64/libzip.so
7fc1a4618000-7fc1a4619000 r--p 0001b000 00:26 9928820584                 /mnt/work1/users/pughlab/bin/swgs/.snakemake/conda/605389da677bd4caac27a876072fc4c4/jre/lib/amd64/libzip.so
7fc1a4619000-7fc1a461a000 rw-p 0001c000 00:26 9928820584                 /mnt/work1/users/pughlab/bin/swgs/.snakemake/conda/605389da677bd4caac27a876072fc4c4/jre/lib/amd64/libzip.so
7fc1a461a000-7fc1a461b000 rw-p 00021000 00:26 9928820584                 /mnt/work1/users/pughlab/bin/swgs/.snakemake/conda/605389da677bd4caac27a876072fc4c4/jre/lib/amd64/libzip.so
7fc1a461b000-7fc1a4623000 rw-s 00000000 fd:01 38850438                   /tmp/hsperfdata_quever/20154
7fc1a4623000-7fc1a4626000 r--p 00000000 07:00 749                        /lib/x86_64-linux-gnu/libnss_files-2.28.so
7fc1a4626000-7fc1a462d000 r-xp 00003000 07:00 749                        /lib/x86_64-linux-gnu/libnss_files-2.28.so
7fc1a462d000-7fc1a462f000 r--p 0000a000 07:00 749                        /lib/x86_64-linux-gnu/libnss_files-2.28.so
7fc1a462f000-7fc1a4630000 ---p 0000c000 07:00 749                        /lib/x86_64-linux-gnu/libnss_files-2.28.so
7fc1a4630000-7fc1a4631000 r--p 0000c000 07:00 749                        /lib/x86_64-linux-gnu/libnss_files-2.28.so
7fc1a4631000-7fc1a4632000 rw-p 0000d000 07:00 749                        /lib/x86_64-linux-gnu/libnss_files-2.28.so
7fc1a4632000-7fc1a4638000 rw-p 00000000 00:00 0 
7fc1a4638000-7fc1a4639000 r--p 00000000 07:00 10263                      /usr/lib/locale/C.UTF-8/LC_PAPER
7fc1a4639000-7fc1a463a000 r--p 00000000 07:00 10261                      /usr/lib/locale/C.UTF-8/LC_NAME
7fc1a463a000-7fc1a463b000 r--p 00000000 07:00 10253                      /usr/lib/locale/C.UTF-8/LC_ADDRESS
7fc1a463b000-7fc1a463c000 r--p 00000000 07:00 10264                      /usr/lib/locale/C.UTF-8/LC_TELEPHONE
7fc1a463c000-7fc1a4664000 r-xp 00000000 00:26 9987056723                 /mnt/work1/users/pughlab/bin/swgs/.snakemake/conda/605389da677bd4caac27a876072fc4c4/jre/lib/amd64/libjava.so
7fc1a4664000-7fc1a4863000 ---p 00028000 00:26 9987056723                 /mnt/work1/users/pughlab/bin/swgs/.snakemake/conda/605389da677bd4caac27a876072fc4c4/jre/lib/amd64/libjava.so
7fc1a4863000-7fc1a4864000 r--p 00027000 00:26 9987056723                 /mnt/work1/users/pughlab/bin/swgs/.snakemake/conda/605389da677bd4caac27a876072fc4c4/jre/lib/amd64/libjava.so
7fc1a4864000-7fc1a4866000 rw-p 00028000 00:26 9987056723                 /mnt/work1/users/pughlab/bin/swgs/.snakemake/conda/605389da677bd4caac27a876072fc4c4/jre/lib/amd64/libjava.so
7fc1a4866000-7fc1a486b000 rw-p 00033000 00:26 9987056723                 /mnt/work1/users/pughlab/bin/swgs/.snakemake/conda/605389da677bd4caac27a876072fc4c4/jre/lib/amd64/libjava.so
7fc1a486b000-7fc1a4879000 r-xp 00000000 00:26 9987056729                 /mnt/work1/users/pughlab/bin/swgs/.snakemake/conda/605389da677bd4caac27a876072fc4c4/jre/lib/amd64/libverify.so
7fc1a4879000-7fc1a4a78000 ---p 0000e000 00:26 9987056729                 /mnt/work1/users/pughlab/bin/swgs/.snakemake/conda/605389da677bd4caac27a876072fc4c4/jre/lib/amd64/libverify.so
7fc1a4a78000-7fc1a4a7a000 r--p 0000d000 00:26 9987056729                 /mnt/work1/users/pughlab/bin/swgs/.snakemake/conda/605389da677bd4caac27a876072fc4c4/jre/lib/amd64/libverify.so
7fc1a4a7a000-7fc1a4a7b000 rw-p 0000f000 00:26 9987056729                 /mnt/work1/users/pughlab/bin/swgs/.snakemake/conda/605389da677bd4caac27a876072fc4c4/jre/lib/amd64/libverify.so
7fc1a4a7b000-7fc1a4a7c000 rw-p 00012000 00:26 9987056729                 /mnt/work1/users/pughlab/bin/swgs/.snakemake/conda/605389da677bd4caac27a876072fc4c4/jre/lib/amd64/libverify.so
7fc1a4a7c000-7fc1a4a7e000 r--p 00000000 07:00 772                        /lib/x86_64-linux-gnu/librt-2.28.so
7fc1a4a7e000-7fc1a4a82000 r-xp 00002000 07:00 772                        /lib/x86_64-linux-gnu/librt-2.28.so
7fc1a4a82000-7fc1a4a84000 r--p 00006000 07:00 772                        /lib/x86_64-linux-gnu/librt-2.28.so
7fc1a4a84000-7fc1a4a85000 r--p 00007000 07:00 772                        /lib/x86_64-linux-gnu/librt-2.28.so
7fc1a4a85000-7fc1a4a86000 rw-p 00008000 07:00 772                        /lib/x86_64-linux-gnu/librt-2.28.so
7fc1a4a86000-7fc1a4a87000 ---p 00000000 00:00 0 
7fc1a4a87000-7fc1a4a8b000 ---p 00000000 00:00 0 
7fc1a4a8b000-7fc1a4b87000 rw-p 00000000 00:00 0 
7fc1a4b87000-7fc1a4b94000 r--p 00000000 07:00 734                        /lib/x86_64-linux-gnu/libm-2.28.so
7fc1a4b94000-7fc1a4c33000 r-xp 0000d000 07:00 734                        /lib/x86_64-linux-gnu/libm-2.28.so
7fc1a4c33000-7fc1a4d08000 r--p 000ac000 07:00 734                        /lib/x86_64-linux-gnu/libm-2.28.so
7fc1a4d08000-7fc1a4d09000 r--p 00180000 07:00 734                        /lib/x86_64-linux-gnu/libm-2.28.so
7fc1a4d09000-7fc1a4d0a000 rw-p 00181000 07:00 734                        /lib/x86_64-linux-gnu/libm-2.28.so
7fc1a4d0a000-7fc1a5a1f000 r-xp 00000000 00:26 9987056730                 /mnt/work1/users/pughlab/bin/swgs/.snakemake/conda/605389da677bd4caac27a876072fc4c4/jre/lib/amd64/server/libjvm.so
7fc1a5a1f000-7fc1a5c1e000 ---p 00d15000 00:26 9987056730                 /mnt/work1/users/pughlab/bin/swgs/.snakemake/conda/605389da677bd4caac27a876072fc4c4/jre/lib/amd64/server/libjvm.so
7fc1a5c1e000-7fc1a5cc9000 r--p 00d14000 00:26 9987056730                 /mnt/work1/users/pughlab/bin/swgs/.snakemake/conda/605389da677bd4caac27a876072fc4c4/jre/lib/amd64/server/libjvm.so
7fc1a5cc9000-7fc1a5cf2000 rw-p 00dbf000 00:26 9987056730                 /mnt/work1/users/pughlab/bin/swgs/.snakemake/conda/605389da677bd4caac27a876072fc4c4/jre/lib/amd64/server/libjvm.so
7fc1a5cf2000-7fc1a5d37000 rw-p 00000000 00:00 0 
7fc1a5d37000-7fc1a5d3b000 rw-p 0108e000 00:26 9987056730                 /mnt/work1/users/pughlab/bin/swgs/.snakemake/conda/605389da677bd4caac27a876072fc4c4/jre/lib/amd64/server/libjvm.so
7fc1a5d3b000-7fc1a5d3d000 rw-p 00000000 00:00 0 
7fc1a5d3d000-7fc1a5d5f000 r--p 00000000 07:00 705                        /lib/x86_64-linux-gnu/libc-2.28.so
7fc1a5d5f000-7fc1a5ea7000 r-xp 00022000 07:00 705                        /lib/x86_64-linux-gnu/libc-2.28.so
7fc1a5ea7000-7fc1a5ef3000 r--p 0016a000 07:00 705                        /lib/x86_64-linux-gnu/libc-2.28.so
7fc1a5ef3000-7fc1a5ef4000 ---p 001b6000 07:00 705                        /lib/x86_64-linux-gnu/libc-2.28.so
7fc1a5ef4000-7fc1a5ef8000 r--p 001b6000 07:00 705                        /lib/x86_64-linux-gnu/libc-2.28.so
7fc1a5ef8000-7fc1a5efa000 rw-p 001ba000 07:00 705                        /lib/x86_64-linux-gnu/libc-2.28.so
7fc1a5efa000-7fc1a5efe000 rw-p 00000000 00:00 0 
7fc1a5efe000-7fc1a5eff000 r--p 00000000 07:00 713                        /lib/x86_64-linux-gnu/libdl-2.28.so
7fc1a5eff000-7fc1a5f00000 r-xp 00001000 07:00 713                        /lib/x86_64-linux-gnu/libdl-2.28.so
7fc1a5f00000-7fc1a5f01000 r--p 00002000 07:00 713                        /lib/x86_64-linux-gnu/libdl-2.28.so
7fc1a5f01000-7fc1a5f02000 r--p 00002000 07:00 713                        /lib/x86_64-linux-gnu/libdl-2.28.so
7fc1a5f02000-7fc1a5f03000 rw-p 00003000 07:00 713                        /lib/x86_64-linux-gnu/libdl-2.28.so
7fc1a5f03000-7fc1a5f19000 r-xp 00000000 00:26 9928820618                 /mnt/work1/users/pughlab/bin/swgs/.snakemake/conda/605389da677bd4caac27a876072fc4c4/lib/libjli.so
7fc1a5f19000-7fc1a6118000 ---p 00016000 00:26 9928820618                 /mnt/work1/users/pughlab/bin/swgs/.snakemake/conda/605389da677bd4caac27a876072fc4c4/lib/libjli.so
7fc1a6118000-7fc1a6119000 r--p 00015000 00:26 9928820618                 /mnt/work1/users/pughlab/bin/swgs/.snakemake/conda/605389da677bd4caac27a876072fc4c4/lib/libjli.so
7fc1a6119000-7fc1a611a000 rw-p 00016000 00:26 9928820618                 /mnt/work1/users/pughlab/bin/swgs/.snakemake/conda/605389da677bd4caac27a876072fc4c4/lib/libjli.so
7fc1a611a000-7fc1a611b000 rw-p 00057000 00:26 9928820618                 /mnt/work1/users/pughlab/bin/swgs/.snakemake/conda/605389da677bd4caac27a876072fc4c4/lib/libjli.so
7fc1a611b000-7fc1a6121000 r--p 00000000 07:00 766                        /lib/x86_64-linux-gnu/libpthread-2.28.so
7fc1a6121000-7fc1a6130000 r-xp 00006000 07:00 766                        /lib/x86_64-linux-gnu/libpthread-2.28.so
7fc1a6130000-7fc1a6136000 r--p 00015000 07:00 766                        /lib/x86_64-linux-gnu/libpthread-2.28.so
7fc1a6136000-7fc1a6137000 r--p 0001a000 07:00 766                        /lib/x86_64-linux-gnu/libpthread-2.28.so
7fc1a6137000-7fc1a6138000 rw-p 0001b000 07:00 766                        /lib/x86_64-linux-gnu/libpthread-2.28.so
7fc1a6138000-7fc1a613c000 rw-p 00000000 00:00 0 
7fc1a613c000-7fc1a613d000 r--p 00000000 07:00 10257                      /usr/lib/locale/C.UTF-8/LC_MEASUREMENT
7fc1a613d000-7fc1a613e000 r--p 00000000 07:00 10256                      /usr/lib/locale/C.UTF-8/LC_IDENTIFICATION
7fc1a613e000-7fc1a613f000 rw-p 00000000 00:00 0 
7fc1a613f000-7fc1a6140000 ---p 00000000 00:00 0 
7fc1a6140000-7fc1a6142000 rw-p 00000000 00:00 0 
7fc1a6142000-7fc1a6143000 r--p 00000000 07:00 691                        /lib/x86_64-linux-gnu/ld-2.28.so
7fc1a6143000-7fc1a6161000 r-xp 00001000 07:00 691                        /lib/x86_64-linux-gnu/ld-2.28.so
7fc1a6161000-7fc1a6169000 r--p 0001f000 07:00 691                        /lib/x86_64-linux-gnu/ld-2.28.so
7fc1a6169000-7fc1a616a000 r--p 00026000 07:00 691                        /lib/x86_64-linux-gnu/ld-2.28.so
7fc1a616a000-7fc1a616b000 rw-p 00027000 07:00 691                        /lib/x86_64-linux-gnu/ld-2.28.so
7fc1a616b000-7fc1a616c000 rw-p 00000000 00:00 0 
7fff3ed8a000-7fff3edae000 rw-p 00000000 00:00 0                          [stack]
7fff3eddc000-7fff3edde000 r-xp 00000000 00:00 0                          [vdso]
ffffffffff600000-ffffffffff601000 r-xp 00000000 00:00 0                  [vsyscall]

VM Arguments:
jvm_args: -Dsamjdk.use_async_io_read_samtools=false -Dsamjdk.use_async_io_write_samtools=true -Dsamjdk.use_async_io_write_tribble=false -Dsamjdk.compression_level=2 
java_command: /mnt/work1/users/pughlab/bin/swgs/.snakemake/conda/605389da677bd4caac27a876072fc4c4/share/gatk4-4.1.4.1-1/gatk-package-4.1.4.1-local.jar CollectAllelicCounts -I results/alignment/recal/net-001b.bqsr.bam -R /mnt/work1/data/genomes/human/hg19/iGenomes/Sequence/WholeGenomeFasta/genome.fa -L /mnt/work1/users/pughlab/references/dbsnp/dbsnp_b146_GRCh37p13/chr_bed/all.chr.common_all_20151104.bed -O results/sampleid/autosome/net-001b.allelicCounts.tsv
java_class_path (initial): /mnt/work1/users/pughlab/bin/swgs/.snakemake/conda/605389da677bd4caac27a876072fc4c4/share/gatk4-4.1.4.1-1/gatk-package-4.1.4.1-local.jar
Launcher Type: SUN_STANDARD

Environment Variables:
JAVA_HOME=/mnt/work1/users/pughlab/bin/swgs/.snakemake/conda/605389da677bd4caac27a876072fc4c4
PATH=/mnt/work1/users/pughlab/bin/swgs/.snakemake/conda/605389da677bd4caac27a876072fc4c4/bin:/opt/conda/bin:/usr/local/sbin:/usr/local/bin:/usr/sbin:/usr/bin:/sbin:/bin
LD_LIBRARY_PATH=/.singularity.d/libs
SHELL=/bin/bash

Signal Handlers:
SIGSEGV: [libjvm.so+0xae7d20], sa_mask[0]=11111111011111111101111111111110, sa_flags=SA_RESTART|SA_SIGINFO
SIGBUS: [libjvm.so+0xae7d20], sa_mask[0]=11111111011111111101111111111110, sa_flags=SA_RESTART|SA_SIGINFO
SIGFPE: [libjvm.so+0x9391f0], sa_mask[0]=11111111011111111101111111111110, sa_flags=SA_RESTART|SA_SIGINFO
SIGPIPE: [libjvm.so+0x9391f0], sa_mask[0]=11111111011111111101111111111110, sa_flags=SA_RESTART|SA_SIGINFO
SIGXFSZ: [libjvm.so+0x9391f0], sa_mask[0]=11111111011111111101111111111110, sa_flags=SA_RESTART|SA_SIGINFO
SIGILL: [libjvm.so+0x9391f0], sa_mask[0]=11111111011111111101111111111110, sa_flags=SA_RESTART|SA_SIGINFO
SIGUSR1: SIG_DFL, sa_mask[0]=00000000000000000000000000000000, sa_flags=none
SIGUSR2: [libjvm.so+0x93aad0], sa_mask[0]=00000000000000000000000000000000, sa_flags=SA_RESTART|SA_SIGINFO
SIGHUP: [libjvm.so+0x93c4d0], sa_mask[0]=11111111011111111101111111111110, sa_flags=SA_RESTART|SA_SIGINFO
SIGINT: [libjvm.so+0x93c4d0], sa_mask[0]=11111111011111111101111111111110, sa_flags=SA_RESTART|SA_SIGINFO
SIGTERM: [libjvm.so+0x93c4d0], sa_mask[0]=11111111011111111101111111111110, sa_flags=SA_RESTART|SA_SIGINFO
SIGQUIT: [libjvm.so+0x93c4d0], sa_mask[0]=11111111011111111101111111111110, sa_flags=SA_RESTART|SA_SIGINFO


---------------  S Y S T E M  ---------------

OS:PRETTY_NAME="Debian GNU/Linux 10 (buster)"
NAME="Debian GNU/Linux"
VERSION_ID="10"
VERSION="10 (buster)"
VERSION_CODENAME=buster
ID=debian
HOME_URL="https://www.debian.org/"
SUPPORT_URL="https://www.debian.org/support"
BUG_REPORT_URL="https://bugs.debian.org/"

uname:Linux 3.10.0-862.6.3.el7.x86_64 #1 SMP Tue Jun 26 16:32:21 UTC 2018 x86_64
libc:glibc 2.28 NPTL 2.28 
rlimit: STACK 8192k, CORE 0k, NPROC 4096, NOFILE 4096, AS infinity
load average:23.86 13.55 5.81

/proc/meminfo:
MemTotal:       65807980 kB
MemFree:          349908 kB
MemAvailable:     898140 kB
Buffers:            1288 kB
Cached:          1471084 kB
SwapCached:            0 kB
Active:         63977912 kB
Inactive:         746076 kB
Active(anon):   63519748 kB
Inactive(anon):   281812 kB
Active(file):     458164 kB
Inactive(file):   464264 kB
Unevictable:           0 kB
Mlocked:               0 kB
SwapTotal:             0 kB
SwapFree:              0 kB
Dirty:                60 kB
Writeback:             0 kB
AnonPages:      63250404 kB
Mapped:            94948 kB
Shmem:            549652 kB
Slab:             199952 kB
SReclaimable:     142284 kB
SUnreclaim:        57668 kB
KernelStack:        5776 kB
PageTables:       135156 kB
NFS_Unstable:          0 kB
Bounce:                0 kB
WritebackTmp:          0 kB
CommitLimit:    32903988 kB
Committed_AS:   69153980 kB
VmallocTotal:   34359738367 kB
VmallocUsed:      120300 kB
VmallocChunk:   34359606876 kB
HardwareCorrupted:     0 kB
AnonHugePages:  12482560 kB
CmaTotal:              0 kB
CmaFree:               0 kB
HugePages_Total:       0
HugePages_Free:        0
HugePages_Rsvd:        0
HugePages_Surp:        0
Hugepagesize:       2048 kB
DirectMap4k:      143344 kB
DirectMap2M:    66965504 kB

KVM virtualization detected

CPU:total 11 (initial active 11) (1 cores per cpu, 1 threads per core) family 6 model 13 stepping 3, cmov, cx8, fxsr, mmx, sse, sse2, sse3, tsc

/proc/cpuinfo:
processor	: 0
vendor_id	: GenuineIntel
cpu family	: 6
model		: 13
model name	: QEMU Virtual CPU version (cpu64-rhel6)
stepping	: 3
microcode	: 0x1
cpu MHz		: 2499.998
cache size	: 4096 KB
physical id	: 0
siblings	: 1
core id		: 0
cpu cores	: 1
apicid		: 0
initial apicid	: 0
fpu		: yes
fpu_exception	: yes
cpuid level	: 4
wp		: yes
flags		: fpu de pse tsc msr pae mce cx8 apic sep mtrr pge mca cmov pse36 clflush mmx fxsr sse sse2 syscall nx lm nopl eagerfpu pni cx16 hypervisor lahf_lm
bogomips	: 4999.99
clflush size	: 64
cache_alignment	: 64
address sizes	: 46 bits physical, 48 bits virtual
power management:

processor	: 1
vendor_id	: GenuineIntel
cpu family	: 6
model		: 13
model name	: QEMU Virtual CPU version (cpu64-rhel6)
stepping	: 3
microcode	: 0x1
cpu MHz		: 2499.998
cache size	: 4096 KB
physical id	: 1
siblings	: 1
core id		: 0
cpu cores	: 1
apicid		: 1
initial apicid	: 1
fpu		: yes
fpu_exception	: yes
cpuid level	: 4
wp		: yes
flags		: fpu de pse tsc msr pae mce cx8 apic sep mtrr pge mca cmov pse36 clflush mmx fxsr sse sse2 syscall nx lm nopl eagerfpu pni cx16 hypervisor lahf_lm
bogomips	: 4999.99
clflush size	: 64
cache_alignment	: 64
address sizes	: 46 bits physical, 48 bits virtual
power management:

processor	: 2
vendor_id	: GenuineIntel
cpu family	: 6
model		: 13
model name	: QEMU Virtual CPU version (cpu64-rhel6)
stepping	: 3
microcode	: 0x1
cpu MHz		: 2499.998
cache size	: 4096 KB
physical id	: 2
siblings	: 1
core id		: 0
cpu cores	: 1
apicid		: 2
initial apicid	: 2
fpu		: yes
fpu_exception	: yes
cpuid level	: 4
wp		: yes
flags		: fpu de pse tsc msr pae mce cx8 apic sep mtrr pge mca cmov pse36 clflush mmx fxsr sse sse2 syscall nx lm nopl eagerfpu pni cx16 hypervisor lahf_lm
bogomips	: 4999.99
clflush size	: 64
cache_alignment	: 64
address sizes	: 46 bits physical, 48 bits virtual
power management:

processor	: 3
vendor_id	: GenuineIntel
cpu family	: 6
model		: 13
model name	: QEMU Virtual CPU version (cpu64-rhel6)
stepping	: 3
microcode	: 0x1
cpu MHz		: 2499.998
cache size	: 4096 KB
physical id	: 3
siblings	: 1
core id		: 0
cpu cores	: 1
apicid		: 3
initial apicid	: 3
fpu		: yes
fpu_exception	: yes
cpuid level	: 4
wp		: yes
flags		: fpu de pse tsc msr pae mce cx8 apic sep mtrr pge mca cmov pse36 clflush mmx fxsr sse sse2 syscall nx lm nopl eagerfpu pni cx16 hypervisor lahf_lm
bogomips	: 4999.99
clflush size	: 64
cache_alignment	: 64
address sizes	: 46 bits physical, 48 bits virtual
power management:

processor	: 4
vendor_id	: GenuineIntel
cpu family	: 6
model		: 13
model name	: QEMU Virtual CPU version (cpu64-rhel6)
stepping	: 3
microcode	: 0x1
cpu MHz		: 2499.998
cache size	: 4096 KB
physical id	: 4
siblings	: 1
core id		: 0
cpu cores	: 1
apicid		: 4
initial apicid	: 4
fpu		: yes
fpu_exception	: yes
cpuid level	: 4
wp		: yes
flags		: fpu de pse tsc msr pae mce cx8 apic sep mtrr pge mca cmov pse36 clflush mmx fxsr sse sse2 syscall nx lm nopl eagerfpu pni cx16 hypervisor lahf_lm
bogomips	: 4999.99
clflush size	: 64
cache_alignment	: 64
address sizes	: 46 bits physical, 48 bits virtual
power management:

processor	: 5
vendor_id	: GenuineIntel
cpu family	: 6
model		: 13
model name	: QEMU Virtual CPU version (cpu64-rhel6)
stepping	: 3
microcode	: 0x1
cpu MHz		: 2499.998
cache size	: 4096 KB
physical id	: 5
siblings	: 1
core id		: 0
cpu cores	: 1
apicid		: 5
initial apicid	: 5
fpu		: yes
fpu_exception	: yes
cpuid level	: 4
wp		: yes
flags		: fpu de pse tsc msr pae mce cx8 apic sep mtrr pge mca cmov pse36 clflush mmx fxsr sse sse2 syscall nx lm nopl eagerfpu pni cx16 hypervisor lahf_lm
bogomips	: 4999.99
clflush size	: 64
cache_alignment	: 64
address sizes	: 46 bits physical, 48 bits virtual
power management:

processor	: 6
vendor_id	: GenuineIntel
cpu family	: 6
model		: 13
model name	: QEMU Virtual CPU version (cpu64-rhel6)
stepping	: 3
microcode	: 0x1
cpu MHz		: 2499.998
cache size	: 4096 KB
physical id	: 6
siblings	: 1
core id		: 0
cpu cores	: 1
apicid		: 6
initial apicid	: 6
fpu		: yes
fpu_exception	: yes
cpuid level	: 4
wp		: yes
flags		: fpu de pse tsc msr pae mce cx8 apic sep mtrr pge mca cmov pse36 clflush mmx fxsr sse sse2 syscall nx lm nopl eagerfpu pni cx16 hypervisor lahf_lm
bogomips	: 4999.99
clflush size	: 64
cache_alignment	: 64
address sizes	: 46 bits physical, 48 bits virtual
power management:

processor	: 7
vendor_id	: GenuineIntel
cpu family	: 6
model		: 13
model name	: QEMU Virtual CPU version (cpu64-rhel6)
stepping	: 3
microcode	: 0x1
cpu MHz		: 2499.998
cache size	: 4096 KB
physical id	: 7
siblings	: 1
core id		: 0
cpu cores	: 1
apicid		: 7
initial apicid	: 7
fpu		: yes
fpu_exception	: yes
cpuid level	: 4
wp		: yes
flags		: fpu de pse tsc msr pae mce cx8 apic sep mtrr pge mca cmov pse36 clflush mmx fxsr sse sse2 syscall nx lm nopl eagerfpu pni cx16 hypervisor lahf_lm
bogomips	: 4999.99
clflush size	: 64
cache_alignment	: 64
address sizes	: 46 bits physical, 48 bits virtual
power management:

processor	: 8
vendor_id	: GenuineIntel
cpu family	: 6
model		: 13
model name	: QEMU Virtual CPU version (cpu64-rhel6)
stepping	: 3
microcode	: 0x1
cpu MHz		: 2499.998
cache size	: 4096 KB
physical id	: 8
siblings	: 1
core id		: 0
cpu cores	: 1
apicid		: 8
initial apicid	: 8
fpu		: yes
fpu_exception	: yes
cpuid level	: 4
wp		: yes
flags		: fpu de pse tsc msr pae mce cx8 apic sep mtrr pge mca cmov pse36 clflush mmx fxsr sse sse2 syscall nx lm nopl eagerfpu pni cx16 hypervisor lahf_lm
bogomips	: 4999.99
clflush size	: 64
cache_alignment	: 64
address sizes	: 46 bits physical, 48 bits virtual
power management:

processor	: 9
vendor_id	: GenuineIntel
cpu family	: 6
model		: 13
model name	: QEMU Virtual CPU version (cpu64-rhel6)
stepping	: 3
microcode	: 0x1
cpu MHz		: 2499.998
cache size	: 4096 KB
physical id	: 9
siblings	: 1
core id		: 0
cpu cores	: 1
apicid		: 9
initial apicid	: 9
fpu		: yes
fpu_exception	: yes
cpuid level	: 4
wp		: yes
flags		: fpu de pse tsc msr pae mce cx8 apic sep mtrr pge mca cmov pse36 clflush mmx fxsr sse sse2 syscall nx lm nopl eagerfpu pni cx16 hypervisor lahf_lm
bogomips	: 4999.99
clflush size	: 64
cache_alignment	: 64
address sizes	: 46 bits physical, 48 bits virtual
power management:

processor	: 10
vendor_id	: GenuineIntel
cpu family	: 6
model		: 13
model name	: QEMU Virtual CPU version (cpu64-rhel6)
stepping	: 3
microcode	: 0x1
cpu MHz		: 2499.998
cache size	: 4096 KB
physical id	: 10
siblings	: 1
core id		: 0
cpu cores	: 1
apicid		: 10
initial apicid	: 10
fpu		: yes
fpu_exception	: yes
cpuid level	: 4
wp		: yes
flags		: fpu de pse tsc msr pae mce cx8 apic sep mtrr pge mca cmov pse36 clflush mmx fxsr sse sse2 syscall nx lm nopl eagerfpu pni cx16 hypervisor lahf_lm
bogomips	: 4999.99
clflush size	: 64
cache_alignment	: 64
address sizes	: 46 bits physical, 48 bits virtual
power management:



Memory: 4k page, physical 65807980k(349164k free), swap 0k(0k free)

vm_info: OpenJDK 64-Bit Server VM (25.282-b08) for linux-amd64 JRE (Zulu 8.52.0.23-CA-linux64) (1.8.0_282-b08), built on Jan 12 2021 07:57:43 by "zulu_re" with gcc 4.4.7 20120313 (Red Hat 4.4.7-3)

time: Fri Apr 30 10:05:12 2021
timezone: EDT
elapsed time: 355.403918 seconds (0d 0h 5m 55s)

